03-Nov-2024 09:07:55.742 INFO [main] org.apache.catalina.startup.VersionLoggerListener.log Nombre de la versión del servidor: Apache Tomcat/9.0.96
03-Nov-2024 09:07:55.750 INFO [main] org.apache.catalina.startup.VersionLoggerListener.log Server built:                      Oct 3 2024 19:44:30 UTC
03-Nov-2024 09:07:55.750 INFO [main] org.apache.catalina.startup.VersionLoggerListener.log Número de versión de servidor:     9.0.96.0
03-Nov-2024 09:07:55.751 INFO [main] org.apache.catalina.startup.VersionLoggerListener.log OS Name:                           Windows 10
03-Nov-2024 09:07:55.751 INFO [main] org.apache.catalina.startup.VersionLoggerListener.log Versión de Systema Operativo:      10.0
03-Nov-2024 09:07:55.751 INFO [main] org.apache.catalina.startup.VersionLoggerListener.log Arquitectura:                      amd64
03-Nov-2024 09:07:55.752 INFO [main] org.apache.catalina.startup.VersionLoggerListener.log Java Home:                         C:\Program Files\Java\jdk-22
03-Nov-2024 09:07:55.752 INFO [main] org.apache.catalina.startup.VersionLoggerListener.log JVM Version:                       22.0.2+9-70
03-Nov-2024 09:07:55.752 INFO [main] org.apache.catalina.startup.VersionLoggerListener.log Vededor JVM:                       Oracle Corporation
03-Nov-2024 09:07:55.752 INFO [main] org.apache.catalina.startup.VersionLoggerListener.log CATALINA_BASE:                     C:\Users\Usuario\OneDrive\Escritorio\apche\apache-tomcat-9.0.96
03-Nov-2024 09:07:55.752 INFO [main] org.apache.catalina.startup.VersionLoggerListener.log CATALINA_HOME:                     C:\Users\Usuario\OneDrive\Escritorio\apche\apache-tomcat-9.0.96
03-Nov-2024 09:07:55.775 INFO [main] org.apache.catalina.startup.VersionLoggerListener.log Command line argument:             --add-opens=java.base/java.lang=ALL-UNNAMED
03-Nov-2024 09:07:55.776 INFO [main] org.apache.catalina.startup.VersionLoggerListener.log Command line argument:             --add-opens=java.base/java.io=ALL-UNNAMED
03-Nov-2024 09:07:55.776 INFO [main] org.apache.catalina.startup.VersionLoggerListener.log Command line argument:             --add-opens=java.base/java.util=ALL-UNNAMED
03-Nov-2024 09:07:55.776 INFO [main] org.apache.catalina.startup.VersionLoggerListener.log Command line argument:             --add-opens=java.base/java.util.concurrent=ALL-UNNAMED
03-Nov-2024 09:07:55.777 INFO [main] org.apache.catalina.startup.VersionLoggerListener.log Command line argument:             --add-opens=java.rmi/sun.rmi.transport=ALL-UNNAMED
03-Nov-2024 09:07:55.777 INFO [main] org.apache.catalina.startup.VersionLoggerListener.log Command line argument:             -Djava.util.logging.config.file=C:\Users\Usuario\OneDrive\Escritorio\apche\apache-tomcat-9.0.96\conf\logging.properties
03-Nov-2024 09:07:55.777 INFO [main] org.apache.catalina.startup.VersionLoggerListener.log Command line argument:             -Djava.util.logging.manager=org.apache.juli.ClassLoaderLogManager
03-Nov-2024 09:07:55.777 INFO [main] org.apache.catalina.startup.VersionLoggerListener.log Command line argument:             -Djdk.tls.ephemeralDHKeySize=2048
03-Nov-2024 09:07:55.777 INFO [main] org.apache.catalina.startup.VersionLoggerListener.log Command line argument:             -Djava.protocol.handler.pkgs=org.apache.catalina.webresources
03-Nov-2024 09:07:55.778 INFO [main] org.apache.catalina.startup.VersionLoggerListener.log Command line argument:             -Dignore.endorsed.dirs=
03-Nov-2024 09:07:55.778 INFO [main] org.apache.catalina.startup.VersionLoggerListener.log Command line argument:             -Dcatalina.base=C:\Users\Usuario\OneDrive\Escritorio\apche\apache-tomcat-9.0.96
03-Nov-2024 09:07:55.778 INFO [main] org.apache.catalina.startup.VersionLoggerListener.log Command line argument:             -Dcatalina.home=C:\Users\Usuario\OneDrive\Escritorio\apche\apache-tomcat-9.0.96
03-Nov-2024 09:07:55.778 INFO [main] org.apache.catalina.startup.VersionLoggerListener.log Command line argument:             -Djava.io.tmpdir=C:\Users\Usuario\OneDrive\Escritorio\apche\apache-tomcat-9.0.96\temp
03-Nov-2024 09:07:55.827 INFO [main] org.apache.catalina.core.AprLifecycleListener.lifecycleEvent Cargada la biblioteca nativa APR de Apache Tomcat [1.3.1] con la versión APR [1.7.4].
03-Nov-2024 09:07:55.827 INFO [main] org.apache.catalina.core.AprLifecycleListener.lifecycleEvent Capacidades APR: IPv6 [true], enviar fichero [true], aceptar filtros [false], aleatorio [true], UDS [true].
03-Nov-2024 09:07:55.827 INFO [main] org.apache.catalina.core.AprLifecycleListener.lifecycleEvent APR/OpenSSL configuration: useAprConnector [false], useOpenSSL [true]
03-Nov-2024 09:07:55.911 INFO [main] org.apache.catalina.core.AprLifecycleListener.initializeSSL OpenSSL inicializado correctamente [OpenSSL 3.0.14 4 Jun 2024]
03-Nov-2024 09:07:57.124 INFO [main] org.apache.coyote.AbstractProtocol.init Inicializando el manejador de protocolo ["http-nio-8082"]

03-Nov-2024 09:07:57.275 INFO [main] org.apache.catalina.startup.Catalina.load Server initialization in [2390] milliseconds
03-Nov-2024 09:07:57.456 INFO [main] org.apache.catalina.core.StandardService.startInternal Arrancando servicio [Catalina]
03-Nov-2024 09:07:57.456 INFO [main] org.apache.catalina.core.StandardEngine.startInternal Starting Servlet engine: [Apache Tomcat/9.0.96]
03-Nov-2024 09:07:57.478 INFO [main] org.apache.catalina.startup.HostConfig.deployDescriptor Desplieque del descriptor de configuración [C:\Users\Usuario\OneDrive\Escritorio\apche\apache-tomcat-9.0.96\conf\Catalina\localhost\empresa_bd.xml]
03-Nov-2024 09:07:57.573 WARNING [main] org.apache.catalina.startup.HostConfig.deployDescriptor The path attribute with value [/empresa_bd] in deployment descriptor [C:\Users\Usuario\OneDrive\Escritorio\apche\apache-tomcat-9.0.96\conf\Catalina\localhost\empresa_bd.xml] has been ignored
03-Nov-2024 09:08:01.293 INFO [main] org.apache.jasper.servlet.TldScanner.scanJars Al menos un JAR, que se ha explorado buscando TLDs, aún no contenía TLDs. Activar historial de depuración para este historiador para una completa lista de los JARs que fueron explorados y de los que nos se halló TLDs. Saltarse JARs no necesarios durante la exploración puede dar lugar a una mejora de tiempo significativa en el arranque y compilación de JSP .
03-Nov-2024 09:08:01.457 INFO [main] org.apache.catalina.startup.HostConfig.deployDescriptor Deployment of deployment descriptor [C:\Users\Usuario\OneDrive\Escritorio\apche\apache-tomcat-9.0.96\conf\Catalina\localhost\empresa_bd.xml] has finished in [3.981] ms
03-Nov-2024 09:08:01.457 INFO [main] org.apache.catalina.startup.HostConfig.deployDirectory Desplegando el directorio [C:\Users\Usuario\OneDrive\Escritorio\apche\apache-tomcat-9.0.96\webapps\docs] de la aplicación web
03-Nov-2024 09:08:01.657 INFO [main] org.apache.catalina.startup.HostConfig.deployDirectory Deployment of web application directory [C:\Users\Usuario\OneDrive\Escritorio\apche\apache-tomcat-9.0.96\webapps\docs] has finished in [199] ms
03-Nov-2024 09:08:01.657 INFO [main] org.apache.catalina.startup.HostConfig.deployDirectory Desplegando el directorio [C:\Users\Usuario\OneDrive\Escritorio\apche\apache-tomcat-9.0.96\webapps\examples] de la aplicación web
03-Nov-2024 09:08:02.646 INFO [main] org.apache.catalina.startup.HostConfig.deployDirectory Deployment of web application directory [C:\Users\Usuario\OneDrive\Escritorio\apche\apache-tomcat-9.0.96\webapps\examples] has finished in [988] ms
03-Nov-2024 09:08:02.646 INFO [main] org.apache.catalina.startup.HostConfig.deployDirectory Desplegando el directorio [C:\Users\Usuario\OneDrive\Escritorio\apche\apache-tomcat-9.0.96\webapps\host-manager] de la aplicación web
03-Nov-2024 09:08:02.777 INFO [main] org.apache.catalina.startup.HostConfig.deployDirectory Deployment of web application directory [C:\Users\Usuario\OneDrive\Escritorio\apche\apache-tomcat-9.0.96\webapps\host-manager] has finished in [131] ms
03-Nov-2024 09:08:02.778 INFO [main] org.apache.catalina.startup.HostConfig.deployDirectory Desplegando el directorio [C:\Users\Usuario\OneDrive\Escritorio\apche\apache-tomcat-9.0.96\webapps\manager] de la aplicación web
03-Nov-2024 09:08:02.917 INFO [main] org.apache.catalina.startup.HostConfig.deployDirectory Deployment of web application directory [C:\Users\Usuario\OneDrive\Escritorio\apche\apache-tomcat-9.0.96\webapps\manager] has finished in [139] ms
03-Nov-2024 09:08:02.917 INFO [main] org.apache.catalina.startup.HostConfig.deployDirectory Desplegando el directorio [C:\Users\Usuario\OneDrive\Escritorio\apche\apache-tomcat-9.0.96\webapps\ROOT] de la aplicación web
03-Nov-2024 09:08:03.030 INFO [main] org.apache.catalina.startup.HostConfig.deployDirectory Deployment of web application directory [C:\Users\Usuario\OneDrive\Escritorio\apche\apache-tomcat-9.0.96\webapps\ROOT] has finished in [113] ms
03-Nov-2024 09:08:03.041 INFO [main] org.apache.coyote.AbstractProtocol.start Starting ProtocolHandler ["http-nio-8082"]
03-Nov-2024 09:08:03.111 INFO [main] org.apache.catalina.startup.Catalina.start Server startup in [5832] milliseconds
03-Nov-2024 09:08:07.534 INFO [http-nio-8082-exec-10] org.apache.catalina.startup.HostConfig.undeploy Repliegue (undeploy) de la aplicación web que tiene como trayectoria de contexto [/empresa_bd]
03-Nov-2024 09:08:07.685 INFO [http-nio-8082-exec-9] org.apache.catalina.startup.HostConfig.deployDescriptor Desplieque del descriptor de configuración [C:\Users\Usuario\OneDrive\Escritorio\apche\apache-tomcat-9.0.96\conf\Catalina\localhost\empresa_bd.xml]
03-Nov-2024 09:08:07.687 WARNING [http-nio-8082-exec-9] org.apache.catalina.startup.HostConfig.deployDescriptor The path attribute with value [/empresa_bd] in deployment descriptor [C:\Users\Usuario\OneDrive\Escritorio\apche\apache-tomcat-9.0.96\conf\Catalina\localhost\empresa_bd.xml] has been ignored
03-Nov-2024 09:08:08.773 INFO [http-nio-8082-exec-9] org.apache.jasper.servlet.TldScanner.scanJars Al menos un JAR, que se ha explorado buscando TLDs, aún no contenía TLDs. Activar historial de depuración para este historiador para una completa lista de los JARs que fueron explorados y de los que nos se halló TLDs. Saltarse JARs no necesarios durante la exploración puede dar lugar a una mejora de tiempo significativa en el arranque y compilación de JSP .
03-Nov-2024 09:08:08.782 INFO [http-nio-8082-exec-9] org.apache.catalina.startup.HostConfig.deployDescriptor Deployment of deployment descriptor [C:\Users\Usuario\OneDrive\Escritorio\apche\apache-tomcat-9.0.96\conf\Catalina\localhost\empresa_bd.xml] has finished in [1.097] ms
03-Nov-2024 09:08:08.785 INFO [http-nio-8082-exec-5] org.apache.catalina.util.LifecycleBase.start The start() method was called on component [StandardEngine[Catalina].StandardHost[localhost].StandardContext[/empresa_bd]] after start() had already been called. The second call will be ignored.
