02-Nov-2024 14:58:17.943 INFO [http-nio-8082-exec-4] org.apache.catalina.core.ApplicationContext.log Manager: init: Associated with Deployer 'Catalina:type=Deployer,host=localhost'
02-Nov-2024 14:58:17.943 INFO [http-nio-8082-exec-4] org.apache.catalina.core.ApplicationContext.log Manager: init: Global resources are available
02-Nov-2024 14:58:17.999 INFO [http-nio-8082-exec-3] org.apache.catalina.core.ApplicationContext.log Manager: list: Listing contexts for virtual host 'localhost'
02-Nov-2024 14:58:18.054 INFO [http-nio-8082-exec-9] org.apache.catalina.core.ApplicationContext.log Manager: undeploy: Undeploying web application at '/empresa_bd'
02-Nov-2024 14:58:18.602 INFO [http-nio-8082-exec-10] org.apache.catalina.core.ApplicationContext.log Manager: install: Installing context configuration at 'file:/C:/Users/Usuario/AppData/Local/Temp/context16089878608990228429.xml'
02-Nov-2024 14:58:20.033 INFO [http-nio-8082-exec-7] org.apache.catalina.core.ApplicationContext.log Manager: start: Starting web application '/empresa_bd'
02-Nov-2024 15:04:57.212 INFO [http-nio-8082-exec-13] org.apache.catalina.core.ApplicationContext.log Manager: list: Listing contexts for virtual host 'localhost'
02-Nov-2024 15:04:57.233 INFO [http-nio-8082-exec-15] org.apache.catalina.core.ApplicationContext.log Manager: restart: Reloading web application '/empresa_bd'
02-Nov-2024 15:05:40.549 INFO [http-nio-8082-exec-16] org.apache.catalina.core.ApplicationContext.log Manager: list: Listing contexts for virtual host 'localhost'
02-Nov-2024 15:05:40.553 INFO [http-nio-8082-exec-20] org.apache.catalina.core.ApplicationContext.log Manager: list: Listing contexts for virtual host 'localhost'
02-Nov-2024 15:05:40.568 INFO [http-nio-8082-exec-21] org.apache.catalina.core.ApplicationContext.log Manager: undeploy: Undeploying web application at '/empresa_bd'
02-Nov-2024 15:05:41.116 INFO [http-nio-8082-exec-17] org.apache.catalina.core.ApplicationContext.log Manager: install: Installing context configuration at 'file:/C:/Users/Usuario/AppData/Local/Temp/context13983778426258744747.xml'
02-Nov-2024 15:05:43.173 INFO [http-nio-8082-exec-17] org.apache.catalina.core.ApplicationContext.log Manager: start: Starting web application '/empresa_bd'
02-Nov-2024 15:13:36.817 INFO [http-nio-8082-exec-27] org.apache.catalina.core.ApplicationContext.log Manager: list: Listing contexts for virtual host 'localhost'
02-Nov-2024 15:16:27.632 INFO [http-nio-8082-exec-31] org.apache.catalina.core.ApplicationContext.log Manager: list: Listing contexts for virtual host 'localhost'
02-Nov-2024 15:16:29.513 INFO [http-nio-8082-exec-30] org.apache.catalina.core.ApplicationContext.log Manager: list: Listing contexts for virtual host 'localhost'
02-Nov-2024 15:16:29.519 INFO [http-nio-8082-exec-27] org.apache.catalina.core.ApplicationContext.log Manager: list: Listing contexts for virtual host 'localhost'
02-Nov-2024 15:16:29.549 INFO [http-nio-8082-exec-31] org.apache.catalina.core.ApplicationContext.log Manager: undeploy: Undeploying web application at '/empresa_bd'
02-Nov-2024 15:16:30.113 INFO [http-nio-8082-exec-32] org.apache.catalina.core.ApplicationContext.log Manager: install: Installing context configuration at 'file:/C:/Users/Usuario/AppData/Local/Temp/context1912079121766083633.xml'
02-Nov-2024 15:16:31.651 INFO [http-nio-8082-exec-30] org.apache.catalina.core.ApplicationContext.log Manager: start: Starting web application '/empresa_bd'
02-Nov-2024 15:17:18.523 INFO [http-nio-8082-exec-38] org.apache.catalina.core.ApplicationContext.log Manager: list: Listing contexts for virtual host 'localhost'
02-Nov-2024 15:18:41.933 INFO [http-nio-8082-exec-34] org.apache.catalina.core.ApplicationContext.log Manager: list: Listing contexts for virtual host 'localhost'
02-Nov-2024 15:25:50.714 INFO [http-nio-8082-exec-38] org.apache.catalina.core.ApplicationContext.log Manager: list: Listing contexts for virtual host 'localhost'
02-Nov-2024 15:27:22.834 INFO [http-nio-8082-exec-37] org.apache.catalina.core.ApplicationContext.log Manager: list: Listing contexts for virtual host 'localhost'
02-Nov-2024 15:27:54.172 INFO [http-nio-8082-exec-38] org.apache.catalina.core.ApplicationContext.log Manager: list: Listing contexts for virtual host 'localhost'
02-Nov-2024 15:27:54.177 INFO [http-nio-8082-exec-40] org.apache.catalina.core.ApplicationContext.log Manager: list: Listing contexts for virtual host 'localhost'
02-Nov-2024 15:27:54.194 INFO [http-nio-8082-exec-37] org.apache.catalina.core.ApplicationContext.log Manager: undeploy: Undeploying web application at '/empresa_bd'
02-Nov-2024 15:27:54.750 INFO [http-nio-8082-exec-35] org.apache.catalina.core.ApplicationContext.log Manager: install: Installing context configuration at 'file:/C:/Users/Usuario/AppData/Local/Temp/context11223080850736608355.xml'
02-Nov-2024 15:27:56.217 INFO [http-nio-8082-exec-39] org.apache.catalina.core.ApplicationContext.log Manager: start: Starting web application '/empresa_bd'
02-Nov-2024 15:29:06.329 INFO [http-nio-8082-exec-49] org.apache.catalina.core.ApplicationContext.log Manager: list: Listing contexts for virtual host 'localhost'
02-Nov-2024 15:30:45.098 INFO [http-nio-8082-exec-44] org.apache.catalina.core.ApplicationContext.log Manager: list: Listing contexts for virtual host 'localhost'
02-Nov-2024 15:31:24.656 INFO [http-nio-8082-exec-50] org.apache.catalina.core.ApplicationContext.log Manager: list: Listing contexts for virtual host 'localhost'
02-Nov-2024 15:33:19.821 INFO [http-nio-8082-exec-50] org.apache.catalina.core.ApplicationContext.log Manager: list: Listing contexts for virtual host 'localhost'
02-Nov-2024 15:33:55.630 INFO [http-nio-8082-exec-44] org.apache.catalina.core.ApplicationContext.log Manager: list: Listing contexts for virtual host 'localhost'
02-Nov-2024 15:40:16.184 INFO [http-nio-8082-exec-50] org.apache.catalina.core.ApplicationContext.log Manager: list: Listing contexts for virtual host 'localhost'
02-Nov-2024 15:40:30.105 INFO [http-nio-8082-exec-44] org.apache.catalina.core.ApplicationContext.log Manager: list: Listing contexts for virtual host 'localhost'
02-Nov-2024 15:40:46.339 INFO [http-nio-8082-exec-44] org.apache.catalina.core.ApplicationContext.log Manager: list: Listing contexts for virtual host 'localhost'
02-Nov-2024 15:40:46.344 INFO [http-nio-8082-exec-43] org.apache.catalina.core.ApplicationContext.log Manager: list: Listing contexts for virtual host 'localhost'
02-Nov-2024 15:40:46.356 INFO [http-nio-8082-exec-52] org.apache.catalina.core.ApplicationContext.log Manager: undeploy: Undeploying web application at '/empresa_bd'
02-Nov-2024 15:40:46.908 INFO [http-nio-8082-exec-46] org.apache.catalina.core.ApplicationContext.log Manager: install: Installing context configuration at 'file:/C:/Users/Usuario/AppData/Local/Temp/context6363621882693100602.xml'
02-Nov-2024 15:40:48.355 INFO [http-nio-8082-exec-49] org.apache.catalina.core.ApplicationContext.log Manager: start: Starting web application '/empresa_bd'
02-Nov-2024 15:43:09.620 INFO [http-nio-8082-exec-55] org.apache.catalina.core.ApplicationContext.log Manager: list: Listing contexts for virtual host 'localhost'
02-Nov-2024 15:43:18.453 INFO [http-nio-8082-exec-59] org.apache.catalina.core.ApplicationContext.log Manager: list: Listing contexts for virtual host 'localhost'
02-Nov-2024 15:43:22.220 INFO [http-nio-8082-exec-62] org.apache.catalina.core.ApplicationContext.log Manager: list: Listing contexts for virtual host 'localhost'
02-Nov-2024 15:43:22.224 INFO [http-nio-8082-exec-58] org.apache.catalina.core.ApplicationContext.log Manager: list: Listing contexts for virtual host 'localhost'
02-Nov-2024 15:43:22.239 INFO [http-nio-8082-exec-60] org.apache.catalina.core.ApplicationContext.log Manager: undeploy: Undeploying web application at '/empresa_bd'
02-Nov-2024 15:43:22.787 INFO [http-nio-8082-exec-56] org.apache.catalina.core.ApplicationContext.log Manager: install: Installing context configuration at 'file:/C:/Users/Usuario/AppData/Local/Temp/context2370189313829164083.xml'
02-Nov-2024 15:43:23.853 INFO [http-nio-8082-exec-53] org.apache.catalina.core.ApplicationContext.log Manager: start: Starting web application '/empresa_bd'
02-Nov-2024 15:45:26.876 INFO [http-nio-8082-exec-63] org.apache.catalina.core.ApplicationContext.log Manager: list: Listing contexts for virtual host 'localhost'
02-Nov-2024 15:45:33.136 INFO [http-nio-8082-exec-71] org.apache.catalina.core.ApplicationContext.log Manager: list: Listing contexts for virtual host 'localhost'
02-Nov-2024 15:45:33.143 INFO [http-nio-8082-exec-63] org.apache.catalina.core.ApplicationContext.log Manager: list: Listing contexts for virtual host 'localhost'
02-Nov-2024 15:45:33.157 INFO [http-nio-8082-exec-67] org.apache.catalina.core.ApplicationContext.log Manager: undeploy: Undeploying web application at '/empresa_bd'
02-Nov-2024 15:45:33.721 INFO [http-nio-8082-exec-72] org.apache.catalina.core.ApplicationContext.log Manager: install: Installing context configuration at 'file:/C:/Users/Usuario/AppData/Local/Temp/context788829862003665353.xml'
02-Nov-2024 15:45:34.760 INFO [http-nio-8082-exec-64] org.apache.catalina.core.ApplicationContext.log Manager: start: Starting web application '/empresa_bd'
02-Nov-2024 15:48:51.735 INFO [http-nio-8082-exec-74] org.apache.catalina.core.ApplicationContext.log Manager: list: Listing contexts for virtual host 'localhost'
02-Nov-2024 15:48:59.533 INFO [http-nio-8082-exec-77] org.apache.catalina.core.ApplicationContext.log Manager: list: Listing contexts for virtual host 'localhost'
02-Nov-2024 15:48:59.539 INFO [http-nio-8082-exec-82] org.apache.catalina.core.ApplicationContext.log Manager: list: Listing contexts for virtual host 'localhost'
02-Nov-2024 15:48:59.553 INFO [http-nio-8082-exec-75] org.apache.catalina.core.ApplicationContext.log Manager: undeploy: Undeploying web application at '/empresa_bd'
02-Nov-2024 15:49:00.091 INFO [http-nio-8082-exec-73] org.apache.catalina.core.ApplicationContext.log Manager: install: Installing context configuration at 'file:/C:/Users/Usuario/AppData/Local/Temp/context6480106745222004441.xml'
02-Nov-2024 15:49:01.056 INFO [http-nio-8082-exec-78] org.apache.catalina.core.ApplicationContext.log Manager: start: Starting web application '/empresa_bd'
02-Nov-2024 15:49:59.899 INFO [http-nio-8082-exec-87] org.apache.catalina.core.ApplicationContext.log Manager: list: Listing contexts for virtual host 'localhost'
02-Nov-2024 15:57:45.965 INFO [http-nio-8082-exec-85] org.apache.catalina.core.ApplicationContext.log Manager: list: Listing contexts for virtual host 'localhost'
02-Nov-2024 16:04:56.732 INFO [http-nio-8082-exec-90] org.apache.catalina.core.ApplicationContext.log Manager: list: Listing contexts for virtual host 'localhost'
02-Nov-2024 16:12:14.645 INFO [http-nio-8082-exec-88] org.apache.catalina.core.ApplicationContext.log Manager: list: Listing contexts for virtual host 'localhost'
02-Nov-2024 16:13:20.842 INFO [http-nio-8082-exec-91] org.apache.catalina.core.ApplicationContext.log Manager: list: Listing contexts for virtual host 'localhost'
02-Nov-2024 16:13:56.098 INFO [http-nio-8082-exec-86] org.apache.catalina.core.ApplicationContext.log Manager: list: Listing contexts for virtual host 'localhost'
02-Nov-2024 16:30:25.923 INFO [http-nio-8082-exec-91] org.apache.catalina.core.ApplicationContext.log Manager: list: Listing contexts for virtual host 'localhost'
02-Nov-2024 16:31:49.961 INFO [http-nio-8082-exec-88] org.apache.catalina.core.ApplicationContext.log Manager: list: Listing contexts for virtual host 'localhost'
02-Nov-2024 16:32:31.081 INFO [http-nio-8082-exec-86] org.apache.catalina.core.ApplicationContext.log Manager: list: Listing contexts for virtual host 'localhost'
02-Nov-2024 16:33:16.863 INFO [http-nio-8082-exec-84] org.apache.catalina.core.ApplicationContext.log Manager: list: Listing contexts for virtual host 'localhost'
02-Nov-2024 16:37:50.355 INFO [http-nio-8082-exec-83] org.apache.catalina.core.ApplicationContext.log Manager: list: Listing contexts for virtual host 'localhost'
02-Nov-2024 16:41:39.972 INFO [http-nio-8082-exec-92] org.apache.catalina.core.ApplicationContext.log Manager: list: Listing contexts for virtual host 'localhost'
02-Nov-2024 16:42:36.429 INFO [http-nio-8082-exec-86] org.apache.catalina.core.ApplicationContext.log Manager: list: Listing contexts for virtual host 'localhost'
02-Nov-2024 16:45:32.302 INFO [http-nio-8082-exec-89] org.apache.catalina.core.ApplicationContext.log Manager: list: Listing contexts for virtual host 'localhost'
02-Nov-2024 16:46:37.724 INFO [http-nio-8082-exec-89] org.apache.catalina.core.ApplicationContext.log Manager: list: Listing contexts for virtual host 'localhost'
02-Nov-2024 16:47:44.525 INFO [http-nio-8082-exec-88] org.apache.catalina.core.ApplicationContext.log Manager: list: Listing contexts for virtual host 'localhost'
02-Nov-2024 16:49:16.517 INFO [http-nio-8082-exec-89] org.apache.catalina.core.ApplicationContext.log Manager: list: Listing contexts for virtual host 'localhost'
02-Nov-2024 16:51:59.684 INFO [http-nio-8082-exec-92] org.apache.catalina.core.ApplicationContext.log Manager: list: Listing contexts for virtual host 'localhost'
02-Nov-2024 16:52:37.036 INFO [http-nio-8082-exec-86] org.apache.catalina.core.ApplicationContext.log Manager: list: Listing contexts for virtual host 'localhost'
02-Nov-2024 16:52:37.045 INFO [http-nio-8082-exec-84] org.apache.catalina.core.ApplicationContext.log Manager: list: Listing contexts for virtual host 'localhost'
02-Nov-2024 16:52:37.083 INFO [http-nio-8082-exec-88] org.apache.catalina.core.ApplicationContext.log Manager: undeploy: Undeploying web application at '/empresa_bd'
02-Nov-2024 16:52:37.649 INFO [http-nio-8082-exec-85] org.apache.catalina.core.ApplicationContext.log Manager: install: Installing context configuration at 'file:/C:/Users/Usuario/AppData/Local/Temp/context11102376817408871462.xml'
02-Nov-2024 16:52:38.875 INFO [http-nio-8082-exec-83] org.apache.catalina.core.ApplicationContext.log Manager: start: Starting web application '/empresa_bd'
02-Nov-2024 16:54:49.756 INFO [http-nio-8082-exec-97] org.apache.catalina.core.ApplicationContext.log Manager: list: Listing contexts for virtual host 'localhost'
02-Nov-2024 16:56:23.381 INFO [http-nio-8082-exec-102] org.apache.catalina.core.ApplicationContext.log Manager: list: Listing contexts for virtual host 'localhost'
02-Nov-2024 16:58:05.836 INFO [http-nio-8082-exec-101] org.apache.catalina.core.ApplicationContext.log Manager: list: Listing contexts for virtual host 'localhost'
02-Nov-2024 16:59:44.158 INFO [http-nio-8082-exec-98] org.apache.catalina.core.ApplicationContext.log Manager: list: Listing contexts for virtual host 'localhost'
02-Nov-2024 16:59:58.916 INFO [http-nio-8082-exec-94] org.apache.catalina.core.ApplicationContext.log Manager: list: Listing contexts for virtual host 'localhost'
02-Nov-2024 16:59:58.921 INFO [http-nio-8082-exec-99] org.apache.catalina.core.ApplicationContext.log Manager: list: Listing contexts for virtual host 'localhost'
02-Nov-2024 16:59:58.933 INFO [http-nio-8082-exec-96] org.apache.catalina.core.ApplicationContext.log Manager: undeploy: Undeploying web application at '/empresa_bd'
02-Nov-2024 16:59:59.568 INFO [http-nio-8082-exec-101] org.apache.catalina.core.ApplicationContext.log Manager: install: Installing context configuration at 'file:/C:/Users/Usuario/AppData/Local/Temp/context12688300531401758071.xml'
02-Nov-2024 17:00:00.823 INFO [http-nio-8082-exec-102] org.apache.catalina.core.ApplicationContext.log Manager: start: Starting web application '/empresa_bd'
02-Nov-2024 17:01:41.119 INFO [http-nio-8082-exec-104] org.apache.catalina.core.ApplicationContext.log Manager: list: Listing contexts for virtual host 'localhost'
02-Nov-2024 17:03:26.679 INFO [http-nio-8082-exec-110] org.apache.catalina.core.ApplicationContext.log Manager: list: Listing contexts for virtual host 'localhost'
02-Nov-2024 17:04:08.488 INFO [http-nio-8082-exec-109] org.apache.catalina.core.ApplicationContext.log Manager: list: Listing contexts for virtual host 'localhost'
02-Nov-2024 17:06:05.450 INFO [http-nio-8082-exec-111] org.apache.catalina.core.ApplicationContext.log Manager: list: Listing contexts for virtual host 'localhost'
02-Nov-2024 17:09:52.955 INFO [http-nio-8082-exec-111] org.apache.catalina.core.ApplicationContext.log Manager: list: Listing contexts for virtual host 'localhost'
02-Nov-2024 17:10:10.654 INFO [http-nio-8082-exec-110] org.apache.catalina.core.ApplicationContext.log Manager: list: Listing contexts for virtual host 'localhost'
02-Nov-2024 17:12:08.865 INFO [http-nio-8082-exec-112] org.apache.catalina.core.ApplicationContext.log Manager: list: Listing contexts for virtual host 'localhost'
02-Nov-2024 17:12:55.763 INFO [http-nio-8082-exec-110] org.apache.catalina.core.ApplicationContext.log Manager: list: Listing contexts for virtual host 'localhost'
02-Nov-2024 17:15:07.006 INFO [http-nio-8082-exec-109] org.apache.catalina.core.ApplicationContext.log Manager: list: Listing contexts for virtual host 'localhost'
02-Nov-2024 17:17:08.123 INFO [http-nio-8082-exec-103] org.apache.catalina.core.ApplicationContext.log Manager: list: Listing contexts for virtual host 'localhost'
02-Nov-2024 17:20:17.997 INFO [http-nio-8082-exec-111] org.apache.catalina.core.ApplicationContext.log Manager: list: Listing contexts for virtual host 'localhost'
02-Nov-2024 17:21:54.339 INFO [http-nio-8082-exec-111] org.apache.catalina.core.ApplicationContext.log Manager: list: Listing contexts for virtual host 'localhost'
02-Nov-2024 17:26:31.609 INFO [http-nio-8082-exec-103] org.apache.catalina.core.ApplicationContext.log Manager: list: Listing contexts for virtual host 'localhost'
02-Nov-2024 17:26:31.614 INFO [http-nio-8082-exec-108] org.apache.catalina.core.ApplicationContext.log Manager: list: Listing contexts for virtual host 'localhost'
02-Nov-2024 17:26:31.624 INFO [http-nio-8082-exec-110] org.apache.catalina.core.ApplicationContext.log Manager: undeploy: Undeploying web application at '/empresa_bd'
02-Nov-2024 17:26:32.205 INFO [http-nio-8082-exec-107] org.apache.catalina.core.ApplicationContext.log Manager: install: Installing context configuration at 'file:/C:/Users/Usuario/AppData/Local/Temp/context13586582196432490452.xml'
02-Nov-2024 17:26:34.096 INFO [http-nio-8082-exec-112] org.apache.catalina.core.ApplicationContext.log Manager: start: Starting web application '/empresa_bd'
02-Nov-2024 21:25:30.945 INFO [http-nio-8082-exec-5] org.apache.catalina.core.ApplicationContext.log Manager: init: Associated with Deployer 'Catalina:type=Deployer,host=localhost'
02-Nov-2024 21:25:30.945 INFO [http-nio-8082-exec-5] org.apache.catalina.core.ApplicationContext.log Manager: init: Global resources are available
02-Nov-2024 21:25:30.999 INFO [http-nio-8082-exec-7] org.apache.catalina.core.ApplicationContext.log Manager: list: Listing contexts for virtual host 'localhost'
02-Nov-2024 21:25:31.007 INFO [http-nio-8082-exec-10] org.apache.catalina.core.ApplicationContext.log Manager: list: Listing contexts for virtual host 'localhost'
02-Nov-2024 21:25:31.029 INFO [http-nio-8082-exec-9] org.apache.catalina.core.ApplicationContext.log Manager: undeploy: Undeploying web application at '/empresa_bd'
02-Nov-2024 21:25:31.622 INFO [http-nio-8082-exec-8] org.apache.catalina.core.ApplicationContext.log Manager: install: Installing context configuration at 'file:/C:/Users/Usuario/AppData/Local/Temp/context10417321389821136512.xml'
02-Nov-2024 21:25:32.992 INFO [http-nio-8082-exec-4] org.apache.catalina.core.ApplicationContext.log Manager: start: Starting web application '/empresa_bd'
